<?xml version="1.0" encoding="UTF-8"?>
<!-- Generated by org.testng.reporters.JUnitReportReporter -->
<testsuite hostname="THSLT10073" failures="0" tests="1" name="earning.minex" time="32.995" errors="0" timestamp="2021-03-10T15:54:33 IST" skipped="0">
  <testcase classname="earning.minex" name="Minexlogin" time="32.995"/>
  <system-out/>
</testsuite> <!-- earning.minex -->
